c:\users\zhanyue\desktop\x64_aob_search\rewolf-wow64ext\src\debug\wow64ext.obj
c:\users\zhanyue\desktop\x64_aob_search\rewolf-wow64ext\src\debug\vc100.pdb
c:\users\zhanyue\desktop\x64_aob_search\debug\wow64ext.ilk
c:\users\zhanyue\desktop\x64_aob_search\debug\wow64ext.dll
c:\users\zhanyue\desktop\x64_aob_search\rewolf-wow64ext\src\debug\wow64ext.dll.intermediate.manifest
c:\users\zhanyue\desktop\x64_aob_search\debug\wow64ext.pdb
c:\users\zhanyue\desktop\x64_aob_search\rewolf-wow64ext\src\debug\wow64ext.dll.embed.manifest
c:\users\zhanyue\desktop\x64_aob_search\rewolf-wow64ext\src\debug\wow64ext.res
c:\users\zhanyue\desktop\x64_aob_search\rewolf-wow64ext\src\debug\wow64ext.dll.embed.manifest.res
c:\users\zhanyue\desktop\x64_aob_search\debug\wow64ext.lib
c:\users\zhanyue\desktop\x64_aob_search\debug\wow64ext.exp
c:\users\zhanyue\desktop\x64_aob_search\rewolf-wow64ext\src\debug\vc120.pdb
c:\users\zhanyue\desktop\x64_aob_search\rewolf-wow64ext\src\debug\vc120.idb
c:\users\zhanyue\desktop\x64_aob_search\rewolf-wow64ext\src\debug\cl.command.1.tlog
c:\users\zhanyue\desktop\x64_aob_search\rewolf-wow64ext\src\debug\cl.read.1.tlog
c:\users\zhanyue\desktop\x64_aob_search\rewolf-wow64ext\src\debug\cl.write.1.tlog
c:\users\zhanyue\desktop\x64_aob_search\rewolf-wow64ext\src\debug\link-cvtres.read.1.tlog
c:\users\zhanyue\desktop\x64_aob_search\rewolf-wow64ext\src\debug\link-cvtres.write.1.tlog
c:\users\zhanyue\desktop\x64_aob_search\rewolf-wow64ext\src\debug\link.command.1.tlog
c:\users\zhanyue\desktop\x64_aob_search\rewolf-wow64ext\src\debug\link.read.1.tlog
c:\users\zhanyue\desktop\x64_aob_search\rewolf-wow64ext\src\debug\link.write.1.tlog
c:\users\zhanyue\desktop\x64_aob_search\rewolf-wow64ext\src\debug\mt.command.1.tlog
c:\users\zhanyue\desktop\x64_aob_search\rewolf-wow64ext\src\debug\mt.read.1.tlog
c:\users\zhanyue\desktop\x64_aob_search\rewolf-wow64ext\src\debug\mt.write.1.tlog
c:\users\zhanyue\desktop\x64_aob_search\rewolf-wow64ext\src\debug\rc.command.1.tlog
c:\users\zhanyue\desktop\x64_aob_search\rewolf-wow64ext\src\debug\rc.read.1.tlog
c:\users\zhanyue\desktop\x64_aob_search\rewolf-wow64ext\src\debug\rc.write.1.tlog
c:\users\zhanyue\desktop\x64_aob_search\rewolf-wow64ext\src\debug\wow64ext.write.1.tlog
c:\users\zhanyue\desktop\x64_aob_search\rewolf-wow64ext\src\debug\vc100.idb
c:\users\zhanyue\desktop\x64_aob_search\rewolf-wow64ext\src\debug\wow64ext_manifest.rc
c:\users\zhanyue\desktop\x64_aob_search\rewolf-wow64ext\src\debug\wow64ext.tlog\cl.command.1.tlog
c:\users\zhanyue\desktop\x64_aob_search\rewolf-wow64ext\src\debug\wow64ext.tlog\cl.read.1.tlog
c:\users\zhanyue\desktop\x64_aob_search\rewolf-wow64ext\src\debug\wow64ext.tlog\cl.write.1.tlog
c:\users\zhanyue\desktop\x64_aob_search\rewolf-wow64ext\src\debug\wow64ext.tlog\link-cvtres.read.1.tlog
c:\users\zhanyue\desktop\x64_aob_search\rewolf-wow64ext\src\debug\wow64ext.tlog\link-cvtres.write.1.tlog
c:\users\zhanyue\desktop\x64_aob_search\rewolf-wow64ext\src\debug\wow64ext.tlog\link-rc.read.1.tlog
c:\users\zhanyue\desktop\x64_aob_search\rewolf-wow64ext\src\debug\wow64ext.tlog\link-rc.write.1.tlog
c:\users\zhanyue\desktop\x64_aob_search\rewolf-wow64ext\src\debug\wow64ext.tlog\link.command.1.tlog
c:\users\zhanyue\desktop\x64_aob_search\rewolf-wow64ext\src\debug\wow64ext.tlog\link.read.1.tlog
c:\users\zhanyue\desktop\x64_aob_search\rewolf-wow64ext\src\debug\wow64ext.tlog\link.write.1.tlog
c:\users\zhanyue\desktop\x64_aob_search\rewolf-wow64ext\src\debug\wow64ext.tlog\rc.command.1.tlog
c:\users\zhanyue\desktop\x64_aob_search\rewolf-wow64ext\src\debug\wow64ext.tlog\rc.read.1.tlog
c:\users\zhanyue\desktop\x64_aob_search\rewolf-wow64ext\src\debug\wow64ext.tlog\rc.write.1.tlog
